{"level":"info","time":"2023-09-04T09:16:21.860+0800","line":"db/mysql.go:12","msg":"Init Mysql","serviceName":"into"}
{"level":"info","time":"2023-09-04T09:17:02.512+0800","line":"db/mysql.go:12","msg":"Init Mysql","serviceName":"into"}
{"level":"error","time":"2023-09-04T09:17:02.568+0800","line":"blockchain/blockchain.go:46","msg":"invalid length, need 256 bits","serviceName":"into"}
{"level":"info","time":"2023-09-04T09:34:50.921+0800","line":"db/mysql.go:12","msg":"Init Mysql","serviceName":"into"}
{"level":"error","time":"2023-09-04T09:34:50.956+0800","line":"blockchain/blockchain.go:46","msg":"invalid length, need 256 bits","serviceName":"into"}
{"level":"info","time":"2023-09-04T09:35:22.452+0800","line":"db/mysql.go:12","msg":"Init Mysql","serviceName":"into"}
{"level":"error","time":"2023-09-04T09:35:22.479+0800","line":"blockchain/blockchain.go:46","msg":"invalid length, need 256 bits","serviceName":"into"}
{"level":"info","time":"2023-09-04T09:36:14.461+0800","line":"db/mysql.go:12","msg":"Init Mysql","serviceName":"into"}
{"level":"error","time":"2023-09-04T09:36:14.498+0800","line":"blockchain/blockchain.go:46","msg":"invalid length, need 256 bits","serviceName":"into"}
{"level":"info","time":"2023-09-04T09:40:32.264+0800","line":"db/mysql.go:12","msg":"Init Mysql","serviceName":"into"}
{"level":"error","time":"2023-09-04T09:40:32.309+0800","line":"blockchain/blockchain.go:46","msg":"invalid length, need 256 bits","serviceName":"into"}
{"level":"info","time":"2023-09-04T09:40:35.202+0800","line":"db/mysql.go:12","msg":"Init Mysql","serviceName":"into"}
{"level":"error","time":"2023-09-04T09:40:35.228+0800","line":"blockchain/blockchain.go:46","msg":"invalid length, need 256 bits","serviceName":"into"}
{"level":"info","time":"2023-09-04T09:44:29.006+0800","line":"db/mysql.go:12","msg":"Init Mysql","serviceName":"into"}
{"level":"error","time":"2023-09-04T09:44:29.055+0800","line":"blockchain/blockchain.go:48","msg":"invalid length, need 256 bits","serviceName":"into"}
{"level":"info","time":"2023-09-04T09:45:41.295+0800","line":"db/mysql.go:12","msg":"Init Mysql","serviceName":"into"}
{"level":"error","time":"2023-09-04T09:45:47.783+0800","line":"blockchain/blockchain.go:100","msg":"rpc error: code = Unknown desc = execution reverted","serviceName":"into"}
{"level":"info","time":"2023-09-04T14:20:42.227+0800","line":"db/mysql.go:12","msg":"Init Mysql","serviceName":"into"}
{"level":"info","time":"2023-09-04T14:23:28.660+0800","line":"db/mysql.go:12","msg":"Init Mysql","serviceName":"into"}
{"level":"info","time":"2023-09-04T14:35:33.821+0800","line":"db/mysql.go:12","msg":"Init Mysql","serviceName":"into"}
{"level":"error","time":"2023-09-04T14:35:44.749+0800","line":"blockchain/blockchain.go:224","msg":"Post \"https://rpc-8.matchscan.io/\": net/http: TLS handshake timeout","serviceName":"into"}
{"level":"info","time":"2023-09-04T14:35:48.992+0800","line":"db/mysql.go:12","msg":"Init Mysql","serviceName":"into"}
{"level":"error","time":"2023-09-04T14:35:59.943+0800","line":"blockchain/blockchain.go:224","msg":"Post \"https://rpc-8.matchscan.io/\": net/http: TLS handshake timeout","serviceName":"into"}
{"level":"info","time":"2023-09-04T14:36:09.865+0800","line":"db/mysql.go:12","msg":"Init Mysql","serviceName":"into"}
{"level":"error","time":"2023-09-04T14:39:20.372+0800","line":"blockchain/blockchain.go:242","msg":"Post \"https://rpc-8.matchscan.io/\": EOF","serviceName":"into"}
{"level":"error","time":"2023-09-04T14:39:48.402+0800","line":"blockchain/blockchain.go:242","msg":"Post \"https://rpc-8.matchscan.io/\": EOF","serviceName":"into"}
{"level":"info","time":"2023-09-04T14:40:41.366+0800","line":"db/mysql.go:12","msg":"Init Mysql","serviceName":"into"}
{"level":"error","time":"2023-09-04T14:40:49.059+0800","line":"blockchain/blockchain.go:260","msg":"rpc error: code = Unknown desc = execution reverted","serviceName":"into"}
{"level":"info","time":"2023-09-04T15:03:54.551+0800","line":"db/mysql.go:12","msg":"Init Mysql","serviceName":"into"}
{"level":"panic","time":"2023-09-04T15:03:54.556+0800","line":"db/mysql.go:33","msg":"mysql connention error ==>  dial tcp [::1]:3306: connect: connection refused","serviceName":"into"}
{"level":"error","time":"2023-09-04T15:05:43.410+0800","line":"blockchain/blockchain.go:285","msg":"Post \"https://rpc-8.matchscan.io/\": EOF","serviceName":"into"}
{"level":"error","time":"2023-09-04T15:06:06.233+0800","line":"blockchain/blockchain.go:285","msg":"Post \"https://rpc-8.matchscan.io/\": EOF","serviceName":"into"}
{"level":"error","time":"2023-09-04T15:06:40.159+0800","line":"blockchain/blockchain.go:285","msg":": tx already in mempool","serviceName":"into"}
{"level":"error","time":"2023-09-04T15:06:50.129+0800","line":"blockchain/blockchain.go:248","msg":"Post \"https://rpc-8.matchscan.io/\": EOF","serviceName":"into"}
{"level":"error","time":"2023-09-04T15:07:16.768+0800","line":"blockchain/blockchain.go:285","msg":"Post \"https://rpc-8.matchscan.io/\": EOF","serviceName":"into"}
{"level":"error","time":"2023-09-04T15:07:48.375+0800","line":"blockchain/blockchain.go:285","msg":": tx already in mempool","serviceName":"into"}
{"level":"error","time":"2023-09-04T15:07:59.882+0800","line":"blockchain/blockchain.go:285","msg":"invalid nonce; got 61, expected 63: invalid sequence: invalid sequence","serviceName":"into"}
{"level":"error","time":"2023-09-04T15:08:13.756+0800","line":"blockchain/blockchain.go:285","msg":"Post \"https://rpc-8.matchscan.io/\": EOF","serviceName":"into"}
{"level":"error","time":"2023-09-04T15:08:41.576+0800","line":"blockchain/blockchain.go:285","msg":": tx already in mempool","serviceName":"into"}
{"level":"error","time":"2023-09-04T15:09:55.593+0800","line":"blockchain/blockchain.go:248","msg":"503 Service Temporarily Unavailable: <html>\r\n<head><title>503 Service Temporarily Unavailable</title></head>\r\n<body>\r\n<center><h1>503 Service Temporarily Unavailable</h1></center>\r\n<hr><center>nginx/1.22.1</center>\r\n</body>\r\n</html>\r\n","serviceName":"into"}
{"level":"error","time":"2023-09-04T15:09:55.717+0800","line":"blockchain/blockchain.go:248","msg":"503 Service Temporarily Unavailable: <html>\r\n<head><title>503 Service Temporarily Unavailable</title></head>\r\n<body>\r\n<center><h1>503 Service Temporarily Unavailable</h1></center>\r\n<hr><center>nginx/1.22.1</center>\r\n</body>\r\n</html>\r\n","serviceName":"into"}
{"level":"error","time":"2023-09-04T15:10:00.200+0800","line":"blockchain/blockchain.go:248","msg":"503 Service Temporarily Unavailable: <html>\r\n<head><title>503 Service Temporarily Unavailable</title></head>\r\n<body>\r\n<center><h1>503 Service Temporarily Unavailable</h1></center>\r\n<hr><center>nginx/1.22.1</center>\r\n</body>\r\n</html>\r\n","serviceName":"into"}
{"level":"error","time":"2023-09-04T15:10:14.120+0800","line":"blockchain/blockchain.go:248","msg":"503 Service Temporarily Unavailable: <html>\r\n<head><title>503 Service Temporarily Unavailable</title></head>\r\n<body>\r\n<center><h1>503 Service Temporarily Unavailable</h1></center>\r\n<hr><center>nginx/1.22.1</center>\r\n</body>\r\n</html>\r\n","serviceName":"into"}
{"level":"error","time":"2023-09-04T15:10:14.449+0800","line":"blockchain/blockchain.go:248","msg":"503 Service Temporarily Unavailable: <html>\r\n<head><title>503 Service Temporarily Unavailable</title></head>\r\n<body>\r\n<center><h1>503 Service Temporarily Unavailable</h1></center>\r\n<hr><center>nginx/1.22.1</center>\r\n</body>\r\n</html>\r\n","serviceName":"into"}
{"level":"error","time":"2023-09-04T15:10:16.024+0800","line":"blockchain/blockchain.go:248","msg":"503 Service Temporarily Unavailable: <html>\r\n<head><title>503 Service Temporarily Unavailable</title></head>\r\n<body>\r\n<center><h1>503 Service Temporarily Unavailable</h1></center>\r\n<hr><center>nginx/1.22.1</center>\r\n</body>\r\n</html>\r\n","serviceName":"into"}
{"level":"error","time":"2023-09-04T15:10:16.098+0800","line":"blockchain/blockchain.go:248","msg":"503 Service Temporarily Unavailable: <html>\r\n<head><title>503 Service Temporarily Unavailable</title></head>\r\n<body>\r\n<center><h1>503 Service Temporarily Unavailable</h1></center>\r\n<hr><center>nginx/1.22.1</center>\r\n</body>\r\n</html>\r\n","serviceName":"into"}
{"level":"error","time":"2023-09-04T15:10:20.208+0800","line":"blockchain/blockchain.go:248","msg":"503 Service Temporarily Unavailable: <html>\r\n<head><title>503 Service Temporarily Unavailable</title></head>\r\n<body>\r\n<center><h1>503 Service Temporarily Unavailable</h1></center>\r\n<hr><center>nginx/1.22.1</center>\r\n</body>\r\n</html>\r\n","serviceName":"into"}
{"level":"error","time":"2023-09-04T15:10:55.578+0800","line":"blockchain/blockchain.go:248","msg":"503 Service Temporarily Unavailable: <html>\r\n<head><title>503 Service Temporarily Unavailable</title></head>\r\n<body>\r\n<center><h1>503 Service Temporarily Unavailable</h1></center>\r\n<hr><center>nginx/1.22.1</center>\r\n</body>\r\n</html>\r\n","serviceName":"into"}
{"level":"error","time":"2023-09-04T15:10:55.653+0800","line":"blockchain/blockchain.go:248","msg":"503 Service Temporarily Unavailable: <html>\r\n<head><title>503 Service Temporarily Unavailable</title></head>\r\n<body>\r\n<center><h1>503 Service Temporarily Unavailable</h1></center>\r\n<hr><center>nginx/1.22.1</center>\r\n</body>\r\n</html>\r\n","serviceName":"into"}
{"level":"error","time":"2023-09-04T15:10:55.727+0800","line":"blockchain/blockchain.go:248","msg":"503 Service Temporarily Unavailable: <html>\r\n<head><title>503 Service Temporarily Unavailable</title></head>\r\n<body>\r\n<center><h1>503 Service Temporarily Unavailable</h1></center>\r\n<hr><center>nginx/1.22.1</center>\r\n</body>\r\n</html>\r\n","serviceName":"into"}
{"level":"error","time":"2023-09-04T15:13:29.227+0800","line":"blockchain/blockchain.go:248","msg":"503 Service Temporarily Unavailable: <html>\r\n<head><title>503 Service Temporarily Unavailable</title></head>\r\n<body>\r\n<center><h1>503 Service Temporarily Unavailable</h1></center>\r\n<hr><center>nginx/1.22.1</center>\r\n</body>\r\n</html>\r\n","serviceName":"into"}
{"level":"error","time":"2023-09-04T15:14:26.568+0800","line":"blockchain/blockchain.go:248","msg":"503 Service Temporarily Unavailable: <html>\r\n<head><title>503 Service Temporarily Unavailable</title></head>\r\n<body>\r\n<center><h1>503 Service Temporarily Unavailable</h1></center>\r\n<hr><center>nginx/1.22.1</center>\r\n</body>\r\n</html>\r\n","serviceName":"into"}
{"level":"error","time":"2023-09-04T15:14:27.838+0800","line":"blockchain/blockchain.go:248","msg":"503 Service Temporarily Unavailable: <html>\r\n<head><title>503 Service Temporarily Unavailable</title></head>\r\n<body>\r\n<center><h1>503 Service Temporarily Unavailable</h1></center>\r\n<hr><center>nginx/1.22.1</center>\r\n</body>\r\n</html>\r\n","serviceName":"into"}
{"level":"error","time":"2023-09-04T15:14:27.906+0800","line":"blockchain/blockchain.go:248","msg":"503 Service Temporarily Unavailable: <html>\r\n<head><title>503 Service Temporarily Unavailable</title></head>\r\n<body>\r\n<center><h1>503 Service Temporarily Unavailable</h1></center>\r\n<hr><center>nginx/1.22.1</center>\r\n</body>\r\n</html>\r\n","serviceName":"into"}
{"level":"error","time":"2023-09-04T15:14:55.162+0800","line":"blockchain/blockchain.go:248","msg":"503 Service Temporarily Unavailable: <html>\r\n<head><title>503 Service Temporarily Unavailable</title></head>\r\n<body>\r\n<center><h1>503 Service Temporarily Unavailable</h1></center>\r\n<hr><center>nginx/1.22.1</center>\r\n</body>\r\n</html>\r\n","serviceName":"into"}
{"level":"error","time":"2023-09-04T15:14:55.229+0800","line":"blockchain/blockchain.go:248","msg":"503 Service Temporarily Unavailable: <html>\r\n<head><title>503 Service Temporarily Unavailable</title></head>\r\n<body>\r\n<center><h1>503 Service Temporarily Unavailable</h1></center>\r\n<hr><center>nginx/1.22.1</center>\r\n</body>\r\n</html>\r\n","serviceName":"into"}
{"level":"error","time":"2023-09-04T15:16:29.307+0800","line":"blockchain/blockchain.go:248","msg":"503 Service Temporarily Unavailable: <html>\r\n<head><title>503 Service Temporarily Unavailable</title></head>\r\n<body>\r\n<center><h1>503 Service Temporarily Unavailable</h1></center>\r\n<hr><center>nginx/1.22.1</center>\r\n</body>\r\n</html>\r\n","serviceName":"into"}
{"level":"error","time":"2023-09-04T15:53:24.867+0800","line":"blockchain/blockchain.go:248","msg":"503 Service Temporarily Unavailable: <html>\r\n<head><title>503 Service Temporarily Unavailable</title></head>\r\n<body>\r\n<center><h1>503 Service Temporarily Unavailable</h1></center>\r\n<hr><center>nginx/1.22.1</center>\r\n</body>\r\n</html>\r\n","serviceName":"into"}
{"level":"error","time":"2023-09-04T15:53:24.938+0800","line":"blockchain/blockchain.go:248","msg":"503 Service Temporarily Unavailable: <html>\r\n<head><title>503 Service Temporarily Unavailable</title></head>\r\n<body>\r\n<center><h1>503 Service Temporarily Unavailable</h1></center>\r\n<hr><center>nginx/1.22.1</center>\r\n</body>\r\n</html>\r\n","serviceName":"into"}
{"level":"error","time":"2023-09-04T15:53:25.007+0800","line":"blockchain/blockchain.go:248","msg":"503 Service Temporarily Unavailable: <html>\r\n<head><title>503 Service Temporarily Unavailable</title></head>\r\n<body>\r\n<center><h1>503 Service Temporarily Unavailable</h1></center>\r\n<hr><center>nginx/1.22.1</center>\r\n</body>\r\n</html>\r\n","serviceName":"into"}
{"level":"error","time":"2023-09-04T18:05:41.746+0800","line":"blockchain/blockchain.go:112","msg":"rpc error: code = Unknown desc = execution reverted","serviceName":"into"}
{"level":"error","time":"2023-09-04T18:06:29.633+0800","line":"blockchain/blockchain.go:113","msg":"rpc error: code = Unknown desc = execution reverted","serviceName":"into"}
{"level":"error","time":"2023-09-04T18:07:01.964+0800","line":"blockchain/blockchain.go:114","msg":"rpc error: code = Unknown desc = execution reverted","serviceName":"into"}
{"level":"error","time":"2023-09-04T18:15:12.792+0800","line":"blockchain/blockchain.go:114","msg":"rpc error: code = Unknown desc = execution reverted","serviceName":"into"}
{"level":"error","time":"2023-09-04T18:18:34.384+0800","line":"blockchain/blockchain.go:114","msg":"rpc error: code = Unknown desc = execution reverted","serviceName":"into"}
{"level":"error","time":"2023-09-04T18:21:03.627+0800","line":"blockchain/blockchain.go:114","msg":"rpc error: code = Unknown desc = execution reverted","serviceName":"into"}
{"level":"error","time":"2023-09-04T18:21:27.547+0800","line":"blockchain/blockchain.go:114","msg":"rpc error: code = Unknown desc = execution reverted","serviceName":"into"}
{"level":"error","time":"2023-09-04T18:22:40.637+0800","line":"blockchain/blockchain.go:114","msg":"rpc error: code = Unknown desc = execution reverted","serviceName":"into"}
{"level":"error","time":"2023-09-04T18:25:35.240+0800","line":"blockchain/blockchain.go:114","msg":"rpc error: code = Unknown desc = execution reverted","serviceName":"into"}
